Copyright 1986-2018 Xilinx, Inc. All Rights Reserved.
------------------------------------------------------------------------------------------------------------------------------------
| Tool Version : Vivado v.2018.3 (win64) Build 2405991 Thu Dec  6 23:38:27 MST 2018
| Date         : Tue Apr 13 14:26:26 2021
| Host         : XD1-005 running 64-bit major release  (build 9200)
| Command      : report_drc -file uP16_BASYS3_top_drc_opted.rpt -pb uP16_BASYS3_top_drc_opted.pb -rpx uP16_BASYS3_top_drc_opted.rpx
| Design       : uP16_BASYS3_top
| Device       : xc7a35tcpg236-1
| Speed File   : -1
| Design State : Synthesized
------------------------------------------------------------------------------------------------------------------------------------

Report DRC

Table of Contents
-----------------
1. REPORT SUMMARY
2. REPORT DETAILS

1. REPORT SUMMARY
-----------------
            Netlist: netlist
          Floorplan: design_1
      Design limits: <entire design considered>
           Ruledeck: default
             Max violations: <unlimited>
             Violations found: 0
+------+----------+-------------+------------+
| Rule | Severity | Description | Violations |
+------+----------+-------------+------------+
+------+----------+-------------+------------+

2. REPORT DETAILS
-----------------

